Fájlonkénti statisztika (C, S, D, I, WER%)
Fridericus-Hradec_Holoubek-Fridericus-CS                                              77      32       0       8   36.70
Fridericus-Hradec_MBK-Fridericus-CS                                                   69      39       1       7   43.12
Fridericus-Hradec_Rabai-Fridericus-HU                                                 81      27       1       5   30.28
Fridericus-Litterae_ex_Slovacia-Fridericus-SK                                         85      22       2       7   28.44
Fridericus-audioclip-1491289221000-72107-Fridericus-PL                                75      29       5      13   43.12
Fridericus-record20170228204821[1]-Fridericus-LT                                      55      52       2      17   65.14
Fridericus-record20170228205015[1]-Fridericus-LT                                      49      58       2      14   67.89
Nicolaus-Hradec_Holoubek-Nicolaus-CS                                                  92      17       1       6   21.82
Nicolaus-Hradec_MBK-Nicolaus-CS                                                       96      14       0       3   15.45
Nicolaus-Hradec_Rabai-Nicolaus-HU                                                     93      17       0       6   20.91
Nicolaus-Litterae_ex_Slovacia-Nicolaus-SK                                             98      12       0       6   16.36
Nicolaus-audioclip-1491289237000-70997-Nicolaus-PL                                   102       8       0       4   10.91
Nicolaus-record20170228210031[1]-Nicolaus-LT                                          92      18       0       3   19.09
Nicolaus-record20170228211427[1]-Nicolaus-LT                                          85      25       0      11   32.73
Wencezlaus-Hradec_Holoubek-Wencezlaus-CS                                             121      28       3       9   26.32
Wencezlaus-Hradec_MBK-Wencezlaus-CS                                                  123      27       2      10   25.66
Wencezlaus-Hradec_Rabai-Wencezlaus-HU                                                118      34       0      17   33.55
Wencezlaus-Litterae_ex_Slovacia-Wencezlaus-SK                                        125      24       3       7   22.37
Wencezlaus-audioclip-1491289236000-104491-Wencezlaus-PL                              117      31       4       9   28.95
Wencezlaus-record20170228211228[1]-Wencezlaus-LT                                      75      76       1      16   61.18
Wencezlaus-record20170228212003[1]-Wencezlaus-LT                                      86      64       2      16   53.95

Kategóriánkénti statisztika (C, S, D, I, WER%)
Fridericus                                                                           491     259      13      71   44.95
Nicolaus                                                                             658     111       1      39   19.61
Wencezlaus                                                                           765     284      15      84   36.00

Összesített statisztika (C, S, D, I, WER%)
összes                                                                              1914     654      29     194   33.77

