Fájlonkénti statisztika (C, S, D, I, WER%)
Fridericus-Hradec_Holoubek-Fridericus-CS                                              81      28       0      10   34.86
Fridericus-Hradec_MBK-Fridericus-CS                                                   72      31       6       3   36.70
Fridericus-Hradec_Rabai-Fridericus-HU                                                 84      24       1       2   24.77
Fridericus-Litterae_ex_Slovacia-Fridericus-SK                                         84      21       4       5   27.52
Fridericus-audioclip-1491289221000-72107-Fridericus-PL                                77      27       5       9   37.61
Fridericus-record20170228204821[1]-Fridericus-LT                                      61      46       2      12   55.05
Fridericus-record20170228205015[1]-Fridericus-LT                                      55      54       0      11   59.63
Nicolaus-Hradec_Holoubek-Nicolaus-CS                                                  99      11       0       4   13.64
Nicolaus-Hradec_MBK-Nicolaus-CS                                                      102       8       0       2    9.09
Nicolaus-Hradec_Rabai-Nicolaus-HU                                                     98      12       0       4   14.55
Nicolaus-Litterae_ex_Slovacia-Nicolaus-SK                                            103       7       0       5   10.91
Nicolaus-audioclip-1491289237000-70997-Nicolaus-PL                                   105       4       1       3    7.27
Nicolaus-record20170228210031[1]-Nicolaus-LT                                          95      15       0       3   16.36
Nicolaus-record20170228211427[1]-Nicolaus-LT                                          90      20       0       9   26.36
Wencezlaus-Hradec_Holoubek-Wencezlaus-CS                                             126      24       2       7   21.71
Wencezlaus-Hradec_MBK-Wencezlaus-CS                                                  125      23       4       9   23.68
Wencezlaus-Hradec_Rabai-Wencezlaus-HU                                                124      27       1      10   25.00
Wencezlaus-Litterae_ex_Slovacia-Wencezlaus-SK                                        129      22       1       6   19.08
Wencezlaus-audioclip-1491289236000-104491-Wencezlaus-PL                              124      28       0      13   26.97
Wencezlaus-record20170228211228[1]-Wencezlaus-LT                                      87      63       2      17   53.95
Wencezlaus-record20170228212003[1]-Wencezlaus-LT                                      85      63       4      15   53.95

Kategóriánkénti statisztika (C, S, D, I, WER%)
Fridericus                                                                           514     231      18      52   39.45
Nicolaus                                                                             692      77       1      30   14.03
Wencezlaus                                                                           800     250      14      77   32.05

Összesített statisztika (C, S, D, I, WER%)
összes                                                                              2006     558      33     159   28.88

