Fájlonkénti statisztika (C, S, D, I, WER%)
Fridericus-Hradec_Holoubek-Fridericus-CS                                              85      22       2       5   26.61
Fridericus-Hradec_MBK-Fridericus-CS                                                   75      30       4       4   34.86
Fridericus-Hradec_Rabai-Fridericus-HU                                                 85      23       1       4   25.69
Fridericus-Litterae_ex_Slovacia-Fridericus-SK                                         87      18       4       5   24.77
Fridericus-audioclip-1491289221000-72107-Fridericus-PL                                82      23       4       9   33.03
Fridericus-record20170228204821[1]-Fridericus-LT                                      59      44       6       9   54.13
Fridericus-record20170228205015[1]-Fridericus-LT                                      59      47       3       6   51.38
Nicolaus-Hradec_Holoubek-Nicolaus-CS                                                 100      10       0       5   13.64
Nicolaus-Hradec_MBK-Nicolaus-CS                                                      101       9       0       2   10.00
Nicolaus-Hradec_Rabai-Nicolaus-HU                                                     97      12       1       3   14.55
Nicolaus-Litterae_ex_Slovacia-Nicolaus-SK                                            102       8       0       6   12.73
Nicolaus-audioclip-1491289237000-70997-Nicolaus-PL                                   102       7       1       3   10.00
Nicolaus-record20170228210031[1]-Nicolaus-LT                                          98      12       0       2   12.73
Nicolaus-record20170228211427[1]-Nicolaus-LT                                          93      16       1       7   21.82
Wencezlaus-Hradec_Holoubek-Wencezlaus-CS                                             126      25       1       8   22.37
Wencezlaus-Hradec_MBK-Wencezlaus-CS                                                  128      21       3       4   18.42
Wencezlaus-Hradec_Rabai-Wencezlaus-HU                                                127      25       0       7   21.05
Wencezlaus-Litterae_ex_Slovacia-Wencezlaus-SK                                        133      16       3       3   14.47
Wencezlaus-audioclip-1491289236000-104491-Wencezlaus-PL                              128      24       0      11   23.03
Wencezlaus-record20170228211228[1]-Wencezlaus-LT                                      97      52       3      22   50.66
Wencezlaus-record20170228212003[1]-Wencezlaus-LT                                      95      55       2      13   46.05

Kategóriánkénti statisztika (C, S, D, I, WER%)
Fridericus                                                                           532     207      24      42   35.78
Nicolaus                                                                             693      74       3      28   13.64
Wencezlaus                                                                           834     218      12      68   28.01

Összesített statisztika (C, S, D, I, WER%)
összes                                                                              2059     499      39     138   26.03

