Fájlonkénti statisztika (C, S, D, I, WER%)
Fridericus-Hradec_Holoubek-Fridericus-CS                                              72      37       0      19   51.38
Fridericus-Hradec_MBK-Fridericus-CS                                                   65      44       0       7   46.79
Fridericus-Hradec_Rabai-Fridericus-HU                                                 60      47       2      15   58.72
Fridericus-Litterae_ex_Slovacia-Fridericus-SK                                         75      31       3      14   44.04
Fridericus-audioclip-1491289221000-72107-Fridericus-PL                                67      40       2      16   53.21
Fridericus-record20170228204821[1]-Fridericus-LT                                      35      73       1      24   89.91
Fridericus-record20170228205015[1]-Fridericus-LT                                      46      61       2      15   71.56
Nicolaus-Hradec_Holoubek-Nicolaus-CS                                                  88      22       0      15   33.64
Nicolaus-Hradec_MBK-Nicolaus-CS                                                       93      17       0       8   22.73
Nicolaus-Hradec_Rabai-Nicolaus-HU                                                     79      31       0      13   40.00
Nicolaus-Litterae_ex_Slovacia-Nicolaus-SK                                             89      21       0      12   30.00
Nicolaus-audioclip-1491289237000-70997-Nicolaus-PL                                    95      15       0       5   18.18
Nicolaus-record20170228210031[1]-Nicolaus-LT                                          78      32       0      11   39.09
Nicolaus-record20170228211427[1]-Nicolaus-LT                                          78      32       0      14   41.82
Wencezlaus-Hradec_Holoubek-Wencezlaus-CS                                             100      52       0      22   48.68
Wencezlaus-Hradec_MBK-Wencezlaus-CS                                                  108      41       3      15   38.82
Wencezlaus-Hradec_Rabai-Wencezlaus-HU                                                 96      56       0      18   48.68
Wencezlaus-Litterae_ex_Slovacia-Wencezlaus-SK                                        117      32       3      11   30.26
Wencezlaus-audioclip-1491289236000-104491-Wencezlaus-PL                               85      64       3      14   53.29
Wencezlaus-record20170228211228[1]-Wencezlaus-LT                                      62      88       2      26   76.32
Wencezlaus-record20170228212003[1]-Wencezlaus-LT                                      66      83       3      14   65.79

Kategóriánkénti statisztika (C, S, D, I, WER%)
Fridericus                                                                           420     333      10     110   59.37
Nicolaus                                                                             600     170       0      78   32.21
Wencezlaus                                                                           634     416      14     120   51.69

Összesített statisztika (C, S, D, I, WER%)
összes                                                                              1654     919      24     308   48.17

