Fájlonkénti statisztika (C, S, D, I, WER%)
Fridericus-Hradec_Holoubek-Fridericus-CS                                              74      32       3       4   35.78
Fridericus-Hradec_MBK-Fridericus-CS                                                   69      33       7       3   39.45
Fridericus-Hradec_Rabai-Fridericus-HU                                                 72      32       5       6   39.45
Fridericus-Litterae_ex_Slovacia-Fridericus-SK                                         83      22       4       7   30.28
Fridericus-audioclip-1491289221000-72107-Fridericus-PL                                78      29       2       9   36.70
Fridericus-record20170228204821[1]-Fridericus-LT                                      56      52       1      18   65.14
Fridericus-record20170228205015[1]-Fridericus-LT                                      52      56       1      12   63.30
Nicolaus-Hradec_Holoubek-Nicolaus-CS                                                  96      14       0       5   17.27
Nicolaus-Hradec_MBK-Nicolaus-CS                                                      100      10       0       3   11.82
Nicolaus-Hradec_Rabai-Nicolaus-HU                                                     91      17       2       7   23.64
Nicolaus-Litterae_ex_Slovacia-Nicolaus-SK                                            103       7       0       4   10.00
Nicolaus-audioclip-1491289237000-70997-Nicolaus-PL                                   101       7       2       4   11.82
Nicolaus-record20170228210031[1]-Nicolaus-LT                                          87      23       0       7   27.27
Nicolaus-record20170228211427[1]-Nicolaus-LT                                          91      19       0       9   25.45
Wencezlaus-Hradec_Holoubek-Wencezlaus-CS                                             126      24       2       8   22.37
Wencezlaus-Hradec_MBK-Wencezlaus-CS                                                  125      24       3       5   21.05
Wencezlaus-Hradec_Rabai-Wencezlaus-HU                                                109      40       3      12   36.18
Wencezlaus-Litterae_ex_Slovacia-Wencezlaus-SK                                        128      22       2       5   19.08
Wencezlaus-audioclip-1491289236000-104491-Wencezlaus-PL                              122      28       2      13   28.29
Wencezlaus-record20170228211228[1]-Wencezlaus-LT                                      94      54       4      19   50.66
Wencezlaus-record20170228212003[1]-Wencezlaus-LT                                      89      60       3      14   50.66

Kategóriánkénti statisztika (C, S, D, I, WER%)
Fridericus                                                                           484     256      23      59   44.30
Nicolaus                                                                             669      97       4      39   18.18
Wencezlaus                                                                           793     252      19      76   32.61

Összesített statisztika (C, S, D, I, WER%)
összes                                                                              1946     605      46     174   31.77

