Fájlonkénti statisztika (C, S, D, I, WER%)
Fridericus-Hradec_Holoubek-Fridericus-CS                                              73      35       1      10   42.20
Fridericus-Hradec_MBK-Fridericus-CS                                                   62      43       4      10   52.29
Fridericus-Hradec_Rabai-Fridericus-HU                                                 74      30       5       3   34.86
Fridericus-Litterae_ex_Slovacia-Fridericus-SK                                         74      32       3      11   42.20
Fridericus-audioclip-1491289221000-72107-Fridericus-PL                                56      47       6      10   57.80
Fridericus-record20170228204821[1]-Fridericus-LT                                      48      61       0      20   74.31
Fridericus-record20170228205015[1]-Fridericus-LT                                      37      68       4       9   74.31
Nicolaus-Hradec_Holoubek-Nicolaus-CS                                                  92      17       1       8   23.64
Nicolaus-Hradec_MBK-Nicolaus-CS                                                       96      13       1       3   15.45
Nicolaus-Hradec_Rabai-Nicolaus-HU                                                     93      17       0       2   17.27
Nicolaus-Litterae_ex_Slovacia-Nicolaus-SK                                             96      12       2       6   18.18
Nicolaus-audioclip-1491289237000-70997-Nicolaus-PL                                    79      29       2       3   30.91
Nicolaus-record20170228210031[1]-Nicolaus-LT                                          74      35       1      11   42.73
Nicolaus-record20170228211427[1]-Nicolaus-LT                                          80      30       0      11   37.27
Wencezlaus-Hradec_Holoubek-Wencezlaus-CS                                             118      31       3      15   32.24
Wencezlaus-Hradec_MBK-Wencezlaus-CS                                                  111      37       4      14   36.18
Wencezlaus-Hradec_Rabai-Wencezlaus-HU                                                112      39       1      11   33.55
Wencezlaus-Litterae_ex_Slovacia-Wencezlaus-SK                                        119      29       4       8   26.97
Wencezlaus-audioclip-1491289236000-104491-Wencezlaus-PL                               83      60       9      11   52.63
Wencezlaus-record20170228211228[1]-Wencezlaus-LT                                      67      83       2      18   67.76
Wencezlaus-record20170228212003[1]-Wencezlaus-LT                                      60      90       2      17   71.71

Kategóriánkénti statisztika (C, S, D, I, WER%)
Fridericus                                                                           424     316      23      73   54.00
Nicolaus                                                                             610     153       7      44   26.49
Wencezlaus                                                                           670     369      25      94   45.86

Összesített statisztika (C, S, D, I, WER%)
összes                                                                              1704     838      55     211   42.51

